build/app/intermediates/manifest_merge_blame_file/release/manifest-merger-blame-release-report.txt
1<?xml version="1.0" encoding="utf-8"?>
2<manifest xmlns:android="http://schemas.android.com/apk/res/android"
3    package="com.dcsec.quickcargoodriver"
4    android:versionCode="32"
5    android:versionName="3.2.3" >
6
7    <uses-sdk
8        android:minSdkVersion="23"
8-->src/main/AndroidManifest.xml
9        android:targetSdkVersion="34" />
9-->src/main/AndroidManifest.xml
10
11    <uses-permission android:name="android.permission.FOREGROUND_SERVICE_ACCESS_INTERNET" />
11-->src/main/AndroidManifest.xml:4:5-93
11-->src/main/AndroidManifest.xml:4:22-90
12    <uses-permission android:name="android.permission.POST_NOTIFICATIONS" />
12-->src/main/AndroidManifest.xml:5:5-76
12-->src/main/AndroidManifest.xml:5:22-74
13    <uses-permission android:name="android.permission.FOREGROUND_SERVICE_ACCESS_ACCESS_NETWORK_STATE" />
13-->src/main/AndroidManifest.xml:6:5-104
13-->src/main/AndroidManifest.xml:6:22-102
14    <uses-permission android:name="android.permission.FOREGROUND_SERVICE_ACCESS_FINE_LOCATION" />
14-->src/main/AndroidManifest.xml:7:5-98
14-->src/main/AndroidManifest.xml:7:22-95
15    <uses-permission android:name="android.permission.FOREGROUND_SERVICE_ACCESS_COARSE_LOCATION" />
15-->src/main/AndroidManifest.xml:8:5-100
15-->src/main/AndroidManifest.xml:8:22-97
16    <uses-permission
16-->src/main/AndroidManifest.xml:10:5-80
17        android:name="android.permission.READ_EXTERNAL_STORAGE"
17-->src/main/AndroidManifest.xml:10:22-77
18        android:maxSdkVersion="32" />
18-->[:file_picker] AndroidManifest.xml:11:9-35
19    <uses-permission android:name="android.permission.WRITE_EXTERNAL_STORAGE" />
19-->src/main/AndroidManifest.xml:11:5-81
19-->src/main/AndroidManifest.xml:11:22-78
20    <uses-permission android:name="android.permission.FOREGROUND_SERVICE" />
20-->src/main/AndroidManifest.xml:12:5-77
20-->src/main/AndroidManifest.xml:12:22-74
21    <uses-permission android:name="android.permission.WAKE_LOCK" />
21-->src/main/AndroidManifest.xml:13:5-68
21-->src/main/AndroidManifest.xml:13:22-65
22    <uses-permission android:name="android.permission.RECEIVE_BOOT_COMPLETED" />
22-->src/main/AndroidManifest.xml:14:5-81
22-->src/main/AndroidManifest.xml:14:22-78
23    <uses-permission android:name="android.permission.ACCESS_NETWORK_STATE" />
23-->[:connectivity_plus] AndroidManifest.xml:9:5-79
23-->[:connectivity_plus] AndroidManifest.xml:9:22-76
24
25    <queries>
25-->[:file_picker] AndroidManifest.xml:13:5-19:15
26        <intent>
26-->[:file_picker] AndroidManifest.xml:14:9-18:18
27            <action android:name="android.intent.action.GET_CONTENT" />
27-->[:file_picker] AndroidManifest.xml:15:13-72
27-->[:file_picker] AndroidManifest.xml:15:21-69
28
29            <data android:mimeType="*/*" />
30        </intent>
31        <intent>
31-->[:flutter_inappwebview] AndroidManifest.xml:10:9-12:18
32            <action android:name="android.support.customtabs.action.CustomTabsService" />
32-->[:flutter_inappwebview] AndroidManifest.xml:11:13-90
32-->[:flutter_inappwebview] AndroidManifest.xml:11:21-87
33        </intent>
34
35        <package android:name="com.google.android.apps.maps" />
35-->[:map_launcher] AndroidManifest.xml:10:9-64
35-->[:map_launcher] AndroidManifest.xml:10:18-61
36        <package android:name="com.google.android.apps.mapslite" />
36-->[:map_launcher] AndroidManifest.xml:11:9-68
36-->[:map_launcher] AndroidManifest.xml:11:18-65
37        <package android:name="com.autonavi.minimap" />
37-->[:map_launcher] AndroidManifest.xml:12:9-56
37-->[:map_launcher] AndroidManifest.xml:12:18-53
38        <package android:name="com.baidu.BaiduMap" />
38-->[:map_launcher] AndroidManifest.xml:13:9-54
38-->[:map_launcher] AndroidManifest.xml:13:18-51
39        <package android:name="com.waze" />
39-->[:map_launcher] AndroidManifest.xml:14:9-44
39-->[:map_launcher] AndroidManifest.xml:14:18-41
40        <package android:name="ru.yandex.yandexnavi" />
40-->[:map_launcher] AndroidManifest.xml:15:9-56
40-->[:map_launcher] AndroidManifest.xml:15:18-53
41        <package android:name="ru.yandex.yandexmaps" />
41-->[:map_launcher] AndroidManifest.xml:16:9-56
41-->[:map_launcher] AndroidManifest.xml:16:18-53
42        <package android:name="com.citymapper.app.release" />
42-->[:map_launcher] AndroidManifest.xml:17:9-62
42-->[:map_launcher] AndroidManifest.xml:17:18-59
43        <package android:name="com.mapswithme.maps.pro" />
43-->[:map_launcher] AndroidManifest.xml:18:9-59
43-->[:map_launcher] AndroidManifest.xml:18:18-56
44        <package android:name="net.osmand" />
44-->[:map_launcher] AndroidManifest.xml:19:9-46
44-->[:map_launcher] AndroidManifest.xml:19:18-43
45        <package android:name="net.osmand.plus" />
45-->[:map_launcher] AndroidManifest.xml:20:9-51
45-->[:map_launcher] AndroidManifest.xml:20:18-48
46        <package android:name="ru.dublgis.dgismobile" />
46-->[:map_launcher] AndroidManifest.xml:21:9-57
46-->[:map_launcher] AndroidManifest.xml:21:18-54
47        <package android:name="com.tencent.map" />
47-->[:map_launcher] AndroidManifest.xml:22:9-51
47-->[:map_launcher] AndroidManifest.xml:22:18-48
48        <package android:name="com.here.app.maps" />
48-->[:map_launcher] AndroidManifest.xml:23:9-53
48-->[:map_launcher] AndroidManifest.xml:23:18-50
49        <package android:name="com.huawei.maps.app" />
49-->[:map_launcher] AndroidManifest.xml:24:9-55
49-->[:map_launcher] AndroidManifest.xml:24:18-52
50        <package android:name="com.alk.copilot.mapviewer" />
50-->[:map_launcher] AndroidManifest.xml:25:9-61
50-->[:map_launcher] AndroidManifest.xml:25:18-58
51        <package android:name="com.tomtom.gplay.navapp" />
51-->[:map_launcher] AndroidManifest.xml:26:9-59
51-->[:map_launcher] AndroidManifest.xml:26:18-56
52        <package android:name="com.tomtom.gplay.navapp.gofleet" />
52-->[:map_launcher] AndroidManifest.xml:27:9-67
52-->[:map_launcher] AndroidManifest.xml:27:18-64
53        <package android:name="com.sygic.truck" />
53-->[:map_launcher] AndroidManifest.xml:28:9-51
53-->[:map_launcher] AndroidManifest.xml:28:18-48
54        <package android:name="nl.flitsmeister" />
54-->[:map_launcher] AndroidManifest.xml:29:9-51
54-->[:map_launcher] AndroidManifest.xml:29:18-48
55        <package android:name="nl.flitsmeister.flux" />
55-->[:map_launcher] AndroidManifest.xml:30:9-56
55-->[:map_launcher] AndroidManifest.xml:30:18-53
56        <package android:name="com.nhn.android.nmap" />
56-->[:map_launcher] AndroidManifest.xml:31:9-56
56-->[:map_launcher] AndroidManifest.xml:31:18-53
57        <package android:name="net.daum.android.map" />
57-->[:map_launcher] AndroidManifest.xml:32:9-56
57-->[:map_launcher] AndroidManifest.xml:32:18-53
58        <package android:name="com.skt.tmap.ku" />
58-->[:map_launcher] AndroidManifest.xml:33:9-51
58-->[:map_launcher] AndroidManifest.xml:33:18-48
59        <package android:name="cz.seznam.mapy" />
59-->[:map_launcher] AndroidManifest.xml:34:9-50
59-->[:map_launcher] AndroidManifest.xml:34:18-47
60        <package android:name="com.mmi.maps" />
60-->[:map_launcher] AndroidManifest.xml:35:9-48
60-->[:map_launcher] AndroidManifest.xml:35:18-45
61
62        <intent>
62-->[androidx.media2:media2-session:1.2.1] AndroidManifest.xml:25:9-27:18
63            <action android:name="android.media.browse.MediaBrowserService" />
63-->[androidx.media2:media2-session:1.2.1] AndroidManifest.xml:26:13-79
63-->[androidx.media2:media2-session:1.2.1] AndroidManifest.xml:26:21-76
64        </intent>
65        <intent>
65-->[androidx.media2:media2-session:1.2.1] AndroidManifest.xml:28:9-30:18
66            <action android:name="androidx.media2.session.MediaSessionService" />
66-->[androidx.media2:media2-session:1.2.1] AndroidManifest.xml:29:13-82
66-->[androidx.media2:media2-session:1.2.1] AndroidManifest.xml:29:21-79
67        </intent>
68        <intent>
68-->[androidx.media2:media2-session:1.2.1] AndroidManifest.xml:31:9-33:18
69            <action android:name="androidx.media2.session.MediaLibraryService" />
69-->[androidx.media2:media2-session:1.2.1] AndroidManifest.xml:32:13-82
69-->[androidx.media2:media2-session:1.2.1] AndroidManifest.xml:32:21-79
70        </intent>
71    </queries>
72
73    <uses-permission android:name="android.permission.VIBRATE" />
73-->[:flutter_local_notifications] AndroidManifest.xml:9:5-66
73-->[:flutter_local_notifications] AndroidManifest.xml:9:22-63
74    <uses-permission android:name="android.permission.INTERNET" />
74-->[:google_sign_in_android] AndroidManifest.xml:9:5-67
74-->[:google_sign_in_android] AndroidManifest.xml:9:22-64
75    <uses-permission android:name="android.permission.ACCESS_COARSE_LOCATION" />
75-->[:location] AndroidManifest.xml:9:5-81
75-->[:location] AndroidManifest.xml:9:22-78
76    <uses-permission android:name="android.permission.ACCESS_FINE_LOCATION" /> <!-- Create a unique permission for your app and use it so only your app can receive your OneSignal messages. -->
76-->[:location] AndroidManifest.xml:10:5-79
76-->[:location] AndroidManifest.xml:10:22-76
77    <permission
77-->[com.onesignal:notifications:5.1.24] AndroidManifest.xml:10:5-12:47
78        android:name="com.dcsec.quickcargoodriver.permission.C2D_MESSAGE"
78-->[com.onesignal:notifications:5.1.24] AndroidManifest.xml:11:9-63
79        android:protectionLevel="signature" />
79-->[com.onesignal:notifications:5.1.24] AndroidManifest.xml:12:9-44
80
81    <uses-permission android:name="com.dcsec.quickcargoodriver.permission.C2D_MESSAGE" /> <!-- c2dm RECEIVE are basic requirements for push messages through Google's FCM -->
81-->[com.onesignal:notifications:5.1.24] AndroidManifest.xml:14:5-79
81-->[com.onesignal:notifications:5.1.24] AndroidManifest.xml:14:22-76
82    <uses-permission android:name="com.google.android.c2dm.permission.RECEIVE" /> <!-- START: ShortcutBadger -->
82-->[com.onesignal:notifications:5.1.24] AndroidManifest.xml:19:5-82
82-->[com.onesignal:notifications:5.1.24] AndroidManifest.xml:19:22-79
83    <!-- Samsung -->
84    <uses-permission android:name="com.sec.android.provider.badge.permission.READ" />
84-->[com.onesignal:notifications:5.1.24] AndroidManifest.xml:31:5-86
84-->[com.onesignal:notifications:5.1.24] AndroidManifest.xml:31:22-83
85    <uses-permission android:name="com.sec.android.provider.badge.permission.WRITE" /> <!-- HTC -->
85-->[com.onesignal:notifications:5.1.24] AndroidManifest.xml:32:5-87
85-->[com.onesignal:notifications:5.1.24] AndroidManifest.xml:32:22-84
86    <uses-permission android:name="com.htc.launcher.permission.READ_SETTINGS" />
86-->[com.onesignal:notifications:5.1.24] AndroidManifest.xml:33:5-81
86-->[com.onesignal:notifications:5.1.24] AndroidManifest.xml:33:22-78
87    <uses-permission android:name="com.htc.launcher.permission.UPDATE_SHORTCUT" /> <!-- Sony -->
87-->[com.onesignal:notifications:5.1.24] AndroidManifest.xml:34:5-83
87-->[com.onesignal:notifications:5.1.24] AndroidManifest.xml:34:22-80
88    <uses-permission android:name="com.sonyericsson.home.permission.BROADCAST_BADGE" />
88-->[com.onesignal:notifications:5.1.24] AndroidManifest.xml:35:5-88
88-->[com.onesignal:notifications:5.1.24] AndroidManifest.xml:35:22-85
89    <uses-permission android:name="com.sonymobile.home.permission.PROVIDER_INSERT_BADGE" /> <!-- Apex -->
89-->[com.onesignal:notifications:5.1.24] AndroidManifest.xml:36:5-92
89-->[com.onesignal:notifications:5.1.24] AndroidManifest.xml:36:22-89
90    <uses-permission android:name="com.anddoes.launcher.permission.UPDATE_COUNT" /> <!-- Solid -->
90-->[com.onesignal:notifications:5.1.24] AndroidManifest.xml:37:5-84
90-->[com.onesignal:notifications:5.1.24] AndroidManifest.xml:37:22-81
91    <uses-permission android:name="com.majeur.launcher.permission.UPDATE_BADGE" /> <!-- Huawei -->
91-->[com.onesignal:notifications:5.1.24] AndroidManifest.xml:38:5-83
91-->[com.onesignal:notifications:5.1.24] AndroidManifest.xml:38:22-80
92    <uses-permission android:name="com.huawei.android.launcher.permission.CHANGE_BADGE" />
92-->[com.onesignal:notifications:5.1.24] AndroidManifest.xml:39:5-91
92-->[com.onesignal:notifications:5.1.24] AndroidManifest.xml:39:22-88
93    <uses-permission android:name="com.huawei.android.launcher.permission.READ_SETTINGS" />
93-->[com.onesignal:notifications:5.1.24] AndroidManifest.xml:40:5-92
93-->[com.onesignal:notifications:5.1.24] AndroidManifest.xml:40:22-89
94    <uses-permission android:name="com.huawei.android.launcher.permission.WRITE_SETTINGS" /> <!-- ZUK -->
94-->[com.onesignal:notifications:5.1.24] AndroidManifest.xml:41:5-93
94-->[com.onesignal:notifications:5.1.24] AndroidManifest.xml:41:22-90
95    <uses-permission android:name="android.permission.READ_APP_BADGE" /> <!-- OPPO -->
95-->[com.onesignal:notifications:5.1.24] AndroidManifest.xml:42:5-73
95-->[com.onesignal:notifications:5.1.24] AndroidManifest.xml:42:22-70
96    <uses-permission android:name="com.oppo.launcher.permission.READ_SETTINGS" />
96-->[com.onesignal:notifications:5.1.24] AndroidManifest.xml:43:5-82
96-->[com.onesignal:notifications:5.1.24] AndroidManifest.xml:43:22-79
97    <uses-permission android:name="com.oppo.launcher.permission.WRITE_SETTINGS" /> <!-- EvMe -->
97-->[com.onesignal:notifications:5.1.24] AndroidManifest.xml:44:5-83
97-->[com.onesignal:notifications:5.1.24] AndroidManifest.xml:44:22-80
98    <uses-permission android:name="me.everything.badger.permission.BADGE_COUNT_READ" />
98-->[com.onesignal:notifications:5.1.24] AndroidManifest.xml:45:5-88
98-->[com.onesignal:notifications:5.1.24] AndroidManifest.xml:45:22-85
99    <uses-permission android:name="me.everything.badger.permission.BADGE_COUNT_WRITE" />
99-->[com.onesignal:notifications:5.1.24] AndroidManifest.xml:46:5-89
99-->[com.onesignal:notifications:5.1.24] AndroidManifest.xml:46:22-86
100
101    <uses-feature
101-->[com.google.android.gms:play-services-maps:18.2.0] AndroidManifest.xml:26:5-28:35
102        android:glEsVersion="0x00020000"
102-->[com.google.android.gms:play-services-maps:18.2.0] AndroidManifest.xml:27:9-41
103        android:required="true" />
103-->[com.google.android.gms:play-services-maps:18.2.0] AndroidManifest.xml:28:9-32
104
105    <uses-permission android:name="com.google.android.providers.gsf.permission.READ_GSERVICES" />
105-->[com.google.android.recaptcha:recaptcha:18.5.1] AndroidManifest.xml:9:5-98
105-->[com.google.android.recaptcha:recaptcha:18.5.1] AndroidManifest.xml:9:22-95
106
107    <permission
107-->[androidx.core:core:1.13.1] AndroidManifest.xml:22:5-24:47
108        android:name="com.dcsec.quickcargoodriver.DYNAMIC_RECEIVER_NOT_EXPORTED_PERMISSION"
108-->[androidx.core:core:1.13.1] AndroidManifest.xml:23:9-81
109        android:protectionLevel="signature" />
109-->[androidx.core:core:1.13.1] AndroidManifest.xml:24:9-44
110
111    <uses-permission android:name="com.dcsec.quickcargoodriver.DYNAMIC_RECEIVER_NOT_EXPORTED_PERMISSION" />
111-->[androidx.core:core:1.13.1] AndroidManifest.xml:26:5-97
111-->[androidx.core:core:1.13.1] AndroidManifest.xml:26:22-94
112    <uses-permission android:name="android.permission.CAMERA" />
112-->[io.card:android-sdk:5.5.1] AndroidManifest.xml:9:5-65
112-->[io.card:android-sdk:5.5.1] AndroidManifest.xml:9:22-62
113
114    <uses-feature
114-->[io.card:android-sdk:5.5.1] AndroidManifest.xml:12:5-14:36
115        android:name="android.hardware.camera"
115-->[io.card:android-sdk:5.5.1] AndroidManifest.xml:13:9-47
116        android:required="false" />
116-->[io.card:android-sdk:5.5.1] AndroidManifest.xml:14:9-33
117    <uses-feature
117-->[io.card:android-sdk:5.5.1] AndroidManifest.xml:15:5-17:36
118        android:name="android.hardware.camera.autofocus"
118-->[io.card:android-sdk:5.5.1] AndroidManifest.xml:16:9-57
119        android:required="false" /> <!-- <service android:name="com.ryanheise.audioservice.AudioService" android:permission="android.permission.BIND_JOB_SERVICE" android:exported="true"/> -->
119-->[io.card:android-sdk:5.5.1] AndroidManifest.xml:17:9-33
120    <application
121        android:name="android.app.Application"
121-->src/main/AndroidManifest.xml:18:47-80
122        android:appComponentFactory="androidx.core.app.CoreComponentFactory"
122-->[androidx.core:core:1.13.1] AndroidManifest.xml:28:18-86
123        android:extractNativeLibs="true"
123-->src/main/AndroidManifest.xml:18:116-148
124        android:icon="@mipmap/ic_launcher"
124-->src/main/AndroidManifest.xml:18:81-115
125        android:label="Quick Driver" >
125-->src/main/AndroidManifest.xml:18:18-46
126        <meta-data
126-->src/main/AndroidManifest.xml:20:9-124
127            android:name="com.google.android.geo.API_KEY"
127-->src/main/AndroidManifest.xml:20:20-65
128            android:value="AIzaSyCtVWA-jMEMBNreZa0MnQoEa4wRxrcoHI0" />
128-->src/main/AndroidManifest.xml:20:66-121
129
130        <activity
130-->src/main/AndroidManifest.xml:22:9-32:20
131            android:name="com.dcsec.quickcargoo.MainActivity"
131-->src/main/AndroidManifest.xml:22:19-47
132            android:configChanges="orientation|keyboardHidden|keyboard|screenSize|smallestScreenSize|locale|layoutDirection|fontScale|screenLayout|density|uiMode"
132-->src/main/AndroidManifest.xml:22:138-288
133            android:exported="true"
133-->src/main/AndroidManifest.xml:22:48-71
134            android:hardwareAccelerated="true"
134-->src/main/AndroidManifest.xml:22:289-323
135            android:launchMode="singleTop"
135-->src/main/AndroidManifest.xml:22:72-102
136            android:theme="@style/LaunchTheme"
136-->src/main/AndroidManifest.xml:22:103-137
137            android:windowSoftInputMode="adjustResize" >
137-->src/main/AndroidManifest.xml:22:324-366
138
139            <!--
140                 Specifies an Android theme to apply to this Activity as soon as
141                 the Android process has started. This theme is visible to the user
142                 while the Flutter UI initializes. After that, this theme continues
143                 to determine the Window background behind the Flutter UI.
144            -->
145            <meta-data
145-->src/main/AndroidManifest.xml:27:13-120
146                android:name="io.flutter.embedding.android.NormalTheme"
146-->src/main/AndroidManifest.xml:27:24-79
147                android:resource="@style/NormalTheme" />
147-->src/main/AndroidManifest.xml:27:80-117
148
149            <intent-filter>
149-->src/main/AndroidManifest.xml:28:13-31:29
150                <action android:name="android.intent.action.MAIN" />
150-->src/main/AndroidManifest.xml:29:17-68
150-->src/main/AndroidManifest.xml:29:25-66
151
152                <category android:name="android.intent.category.LAUNCHER" />
152-->src/main/AndroidManifest.xml:30:17-76
152-->src/main/AndroidManifest.xml:30:27-74
153            </intent-filter>
154        </activity>
155        <activity
155-->src/main/AndroidManifest.xml:33:9-34:20
156            android:name="com.example.flutter_braintree.FlutterBraintreeCustom"
156-->src/main/AndroidManifest.xml:33:19-86
157            android:exported="true"
157-->src/main/AndroidManifest.xml:33:132-155
158            android:theme="@style/Theme.AppCompat.Light" >
158-->src/main/AndroidManifest.xml:33:87-131
159        </activity>
160        <activity
160-->src/main/AndroidManifest.xml:36:9-45:20
161            android:name="com.braintreepayments.api.DropInActivity"
161-->src/main/AndroidManifest.xml:36:19-74
162            android:exported="true"
162-->src/main/AndroidManifest.xml:36:75-98
163            android:launchMode="singleTask" >
163-->src/main/AndroidManifest.xml:36:99-130
164            <intent-filter>
164-->src/main/AndroidManifest.xml:37:13-44:29
165                <action android:name="android.intent.action.VIEW" />
165-->src/main/AndroidManifest.xml:38:17-69
165-->src/main/AndroidManifest.xml:38:25-66
166
167                <category android:name="android.intent.category.DEFAULT" />
167-->src/main/AndroidManifest.xml:40:17-76
167-->src/main/AndroidManifest.xml:40:27-73
168                <category android:name="android.intent.category.BROWSABLE" />
168-->src/main/AndroidManifest.xml:41:17-78
168-->src/main/AndroidManifest.xml:41:27-75
169
170                <data android:scheme="com.dcsec.quickcargoodriver.braintree" />
170-->src/main/AndroidManifest.xml:43:23-66
171            </intent-filter>
172        </activity>
173
174        <service
174-->src/main/AndroidManifest.xml:47:9-131
175            android:name="id.flutter.flutter_background_service.BackgroundService"
175-->src/main/AndroidManifest.xml:47:18-88
176            android:enabled="true"
176-->[:flutter_background_service_android] AndroidManifest.xml:16:13-35
177            android:exported="true"
177-->[:flutter_background_service_android] AndroidManifest.xml:17:13-36
178            android:foregroundServiceType="dataSync"
178-->src/main/AndroidManifest.xml:47:89-129
179            android:stopWithTask="false" />
179-->[:flutter_background_service_android] AndroidManifest.xml:18:13-41
180
181        <!-- Declare the background service -->
182        <service
182-->src/main/AndroidManifest.xml:52:9-103
183            android:name="com.dcsec.quickcargoo.MyBackgroundService"
183-->src/main/AndroidManifest.xml:52:18-53
184            android:enabled="true"
184-->src/main/AndroidManifest.xml:52:54-76
185            android:exported="true" />
185-->src/main/AndroidManifest.xml:52:77-100
186
187        <meta-data
187-->src/main/AndroidManifest.xml:53:9-72
188            android:name="flutterEmbedding"
188-->src/main/AndroidManifest.xml:53:20-51
189            android:value="2" />
189-->src/main/AndroidManifest.xml:53:52-69
190
191        <service
191-->[:cloud_firestore] AndroidManifest.xml:10:9-14:19
192            android:name="com.google.firebase.components.ComponentDiscoveryService"
192-->[:cloud_firestore] AndroidManifest.xml:10:18-89
193            android:directBootAware="true"
193-->[com.google.firebase:firebase-common:21.0.0] AndroidManifest.xml:32:13-43
194            android:exported="false" >
194-->[com.google.firebase:firebase-firestore:25.1.1] AndroidManifest.xml:16:13-37
195            <meta-data
195-->[:cloud_firestore] AndroidManifest.xml:11:13-13:85
196                android:name="com.google.firebase.components:io.flutter.plugins.firebase.firestore.FlutterFirebaseFirestoreRegistrar"
196-->[:cloud_firestore] AndroidManifest.xml:12:17-134
197                android:value="com.google.firebase.components.ComponentRegistrar" />
197-->[:cloud_firestore] AndroidManifest.xml:13:17-82
198            <meta-data
198-->[:firebase_auth] AndroidManifest.xml:11:13-13:85
199                android:name="com.google.firebase.components:io.flutter.plugins.firebase.auth.FlutterFirebaseAuthRegistrar"
199-->[:firebase_auth] AndroidManifest.xml:12:17-124
200                android:value="com.google.firebase.components.ComponentRegistrar" />
200-->[:firebase_auth] AndroidManifest.xml:13:17-82
201            <meta-data
201-->[:firebase_crashlytics] AndroidManifest.xml:11:13-13:85
202                android:name="com.google.firebase.components:io.flutter.plugins.firebase.crashlytics.FlutterFirebaseAppRegistrar"
202-->[:firebase_crashlytics] AndroidManifest.xml:12:17-130
203                android:value="com.google.firebase.components.ComponentRegistrar" />
203-->[:firebase_crashlytics] AndroidManifest.xml:13:17-82
204            <meta-data
204-->[:firebase_database] AndroidManifest.xml:11:13-13:85
205                android:name="com.google.firebase.components:io.flutter.plugins.firebase.database.FlutterFirebaseAppRegistrar"
205-->[:firebase_database] AndroidManifest.xml:12:17-127
206                android:value="com.google.firebase.components.ComponentRegistrar" />
206-->[:firebase_database] AndroidManifest.xml:13:17-82
207            <meta-data
207-->[:firebase_storage] AndroidManifest.xml:11:13-13:85
208                android:name="com.google.firebase.components:io.flutter.plugins.firebase.storage.FlutterFirebaseAppRegistrar"
208-->[:firebase_storage] AndroidManifest.xml:12:17-126
209                android:value="com.google.firebase.components.ComponentRegistrar" />
209-->[:firebase_storage] AndroidManifest.xml:13:17-82
210            <meta-data
210-->[:firebase_core] AndroidManifest.xml:11:13-13:85
211                android:name="com.google.firebase.components:io.flutter.plugins.firebase.core.FlutterFirebaseCoreRegistrar"
211-->[:firebase_core] AndroidManifest.xml:12:17-124
212                android:value="com.google.firebase.components.ComponentRegistrar" />
212-->[:firebase_core] AndroidManifest.xml:13:17-82
213            <meta-data
213-->[com.google.firebase:firebase-firestore:25.1.1] AndroidManifest.xml:17:13-19:85
214                android:name="com.google.firebase.components:com.google.firebase.firestore.FirebaseFirestoreKtxRegistrar"
214-->[com.google.firebase:firebase-firestore:25.1.1] AndroidManifest.xml:18:17-122
215                android:value="com.google.firebase.components.ComponentRegistrar" />
215-->[com.google.firebase:firebase-firestore:25.1.1] AndroidManifest.xml:19:17-82
216            <meta-data
216-->[com.google.firebase:firebase-firestore:25.1.1] AndroidManifest.xml:20:13-22:85
217                android:name="com.google.firebase.components:com.google.firebase.firestore.FirestoreRegistrar"
217-->[com.google.firebase:firebase-firestore:25.1.1] AndroidManifest.xml:21:17-111
218                android:value="com.google.firebase.components.ComponentRegistrar" />
218-->[com.google.firebase:firebase-firestore:25.1.1] AndroidManifest.xml:22:17-82
219            <meta-data
219-->[com.google.firebase:firebase-auth:23.1.0] AndroidManifest.xml:69:13-71:85
220                android:name="com.google.firebase.components:com.google.firebase.auth.FirebaseAuthRegistrar"
220-->[com.google.firebase:firebase-auth:23.1.0] AndroidManifest.xml:70:17-109
221                android:value="com.google.firebase.components.ComponentRegistrar" />
221-->[com.google.firebase:firebase-auth:23.1.0] AndroidManifest.xml:71:17-82
222            <meta-data
222-->[com.google.firebase:firebase-crashlytics:19.2.1] AndroidManifest.xml:15:13-17:85
223                android:name="com.google.firebase.components:com.google.firebase.crashlytics.FirebaseCrashlyticsKtxRegistrar"
223-->[com.google.firebase:firebase-crashlytics:19.2.1] AndroidManifest.xml:16:17-126
224                android:value="com.google.firebase.components.ComponentRegistrar" />
224-->[com.google.firebase:firebase-crashlytics:19.2.1] AndroidManifest.xml:17:17-82
225            <meta-data
225-->[com.google.firebase:firebase-crashlytics:19.2.1] AndroidManifest.xml:18:13-20:85
226                android:name="com.google.firebase.components:com.google.firebase.crashlytics.CrashlyticsRegistrar"
226-->[com.google.firebase:firebase-crashlytics:19.2.1] AndroidManifest.xml:19:17-115
227                android:value="com.google.firebase.components.ComponentRegistrar" />
227-->[com.google.firebase:firebase-crashlytics:19.2.1] AndroidManifest.xml:20:17-82
228            <meta-data
228-->[com.google.firebase:firebase-sessions:2.0.6] AndroidManifest.xml:29:13-31:85
229                android:name="com.google.firebase.components:com.google.firebase.sessions.FirebaseSessionsRegistrar"
229-->[com.google.firebase:firebase-sessions:2.0.6] AndroidManifest.xml:30:17-117
230                android:value="com.google.firebase.components.ComponentRegistrar" />
230-->[com.google.firebase:firebase-sessions:2.0.6] AndroidManifest.xml:31:17-82
231            <meta-data
231-->[com.google.firebase:firebase-database:21.0.0] AndroidManifest.xml:29:13-31:85
232                android:name="com.google.firebase.components:com.google.firebase.database.FirebaseDatabaseKtxRegistrar"
232-->[com.google.firebase:firebase-database:21.0.0] AndroidManifest.xml:30:17-120
233                android:value="com.google.firebase.components.ComponentRegistrar" />
233-->[com.google.firebase:firebase-database:21.0.0] AndroidManifest.xml:31:17-82
234            <meta-data
234-->[com.google.firebase:firebase-database:21.0.0] AndroidManifest.xml:32:13-34:85
235                android:name="com.google.firebase.components:com.google.firebase.database.DatabaseRegistrar"
235-->[com.google.firebase:firebase-database:21.0.0] AndroidManifest.xml:33:17-109
236                android:value="com.google.firebase.components.ComponentRegistrar" />
236-->[com.google.firebase:firebase-database:21.0.0] AndroidManifest.xml:34:17-82
237            <meta-data
237-->[com.google.firebase:firebase-storage:21.0.1] AndroidManifest.xml:30:13-32:85
238                android:name="com.google.firebase.components:com.google.firebase.storage.FirebaseStorageKtxRegistrar"
238-->[com.google.firebase:firebase-storage:21.0.1] AndroidManifest.xml:31:17-118
239                android:value="com.google.firebase.components.ComponentRegistrar" />
239-->[com.google.firebase:firebase-storage:21.0.1] AndroidManifest.xml:32:17-82
240            <meta-data
240-->[com.google.firebase:firebase-storage:21.0.1] AndroidManifest.xml:33:13-35:85
241                android:name="com.google.firebase.components:com.google.firebase.storage.StorageRegistrar"
241-->[com.google.firebase:firebase-storage:21.0.1] AndroidManifest.xml:34:17-107
242                android:value="com.google.firebase.components.ComponentRegistrar" />
242-->[com.google.firebase:firebase-storage:21.0.1] AndroidManifest.xml:35:17-82
243            <meta-data
243-->[com.google.firebase:firebase-messaging:24.0.3] AndroidManifest.xml:57:13-59:85
244                android:name="com.google.firebase.components:com.google.firebase.messaging.FirebaseMessagingKtxRegistrar"
244-->[com.google.firebase:firebase-messaging:24.0.3] AndroidManifest.xml:58:17-122
245                android:value="com.google.firebase.components.ComponentRegistrar" />
245-->[com.google.firebase:firebase-messaging:24.0.3] AndroidManifest.xml:59:17-82
246            <meta-data
246-->[com.google.firebase:firebase-messaging:24.0.3] AndroidManifest.xml:60:13-62:85